# JRE version: OpenJDK Runtime Environment Temurin-11.0.14+9 (11.0.14+9) (build 11.0.14+9)
# Java VM: OpenJDK 64-Bit Server VM Temurin-11.0.14+9 (11.0.14+9, mixed mode, tiered, compressed oops, g1 gc, windows-amd64)
Heap:
 garbage-first heap   total 1531904K, used 589783K [0x0000000701800000, 0x0000000800000000)
  region size 1024K, 2 young (2048K), 2 survivors (2048K)
 Metaspace       used 20114K, capacity 20609K, committed 20736K, reserved 1069056K
  class space    used 1838K, capacity 2030K, committed 2048K, reserved 1048576K
GC Heap History (20 events):
Event: 601.690 GC heap after
{Heap after GC invocations=840 (full 0):
 garbage-first heap   total 598016K, used 143401K [0x0000000701800000, 0x0000000800000000)
  region size 1024K, 3 young (3072K), 3 survivors (3072K)
 Metaspace       used 20112K, capacity 20609K, committed 20736K, reserved 1069056K
  class space    used 1838K, capacity 2030K, committed 2048K, reserved 1048576K
}
Event: 601.763 GC heap before
{Heap before GC invocations=840 (full 0):
 garbage-first heap   total 598016K, used 497705K [0x0000000701800000, 0x0000000800000000)
  region size 1024K, 350 young (358400K), 3 survivors (3072K)
 Metaspace       used 20113K, capacity 20609K, committed 20736K, reserved 1069056K
  class space    used 1838K, capacity 2030K, committed 2048K, reserved 1048576K
}
Event: 601.766 GC heap after
{Heap after GC invocations=841 (full 0):
 garbage-first heap   total 598016K, used 143577K [0x0000000701800000, 0x0000000800000000)
  region size 1024K, 3 young (3072K), 3 survivors (3072K)
 Metaspace       used 20113K, capacity 20609K, committed 20736K, reserved 1069056K
  class space    used 1838K, capacity 2030K, committed 2048K, reserved 1048576K
}
Event: 601.821 GC heap before
{Heap before GC invocations=841 (full 0):
 garbage-first heap   total 598016K, used 497881K [0x0000000701800000, 0x0000000800000000)
  region size 1024K, 350 young (358400K), 3 survivors (3072K)
 Metaspace       used 20113K, capacity 20609K, committed 20736K, reserved 1069056K
  class space    used 1838K, capacity 2030K, committed 2048K, reserved 1048576K
}
Event: 601.823 GC heap after
{Heap after GC invocations=842 (full 0):
 garbage-first heap   total 598016K, used 143759K [0x0000000701800000, 0x0000000800000000)
  region size 1024K, 3 young (3072K), 3 survivors (3072K)
 Metaspace       used 20113K, capacity 20609K, committed 20736K, reserved 1069056K
  class space    used 1838K, capacity 2030K, committed 2048K, reserved 1048576K
}
Event: 602.690 GC heap before
{Heap before GC invocations=842 (full 0):
 garbage-first heap   total 598016K, used 514447K [0x0000000701800000, 0x0000000800000000)
  region size 1024K, 350 young (358400K), 3 survivors (3072K)
 Metaspace       used 20114K, capacity 20609K, committed 20736K, reserved 1069056K
  class space    used 1838K, capacity 2030K, committed 2048K, reserved 1048576K
}
Event: 602.693 GC heap after
{Heap after GC invocations=843 (full 0):
 garbage-first heap   total 598016K, used 144086K [0x0000000701800000, 0x0000000800000000)
  region size 1024K, 4 young (4096K), 4 survivors (4096K)
 Metaspace       used 20114K, capacity 20609K, committed 20736K, reserved 1069056K
  class space    used 1838K, capacity 2030K, committed 2048K, reserved 1048576K
}
Event: 602.750 GC heap before
{Heap before GC invocations=843 (full 0):
 garbage-first heap   total 598016K, used 497366K [0x0000000701800000, 0x0000000800000000)
  region size 1024K, 350 young (358400K), 4 survivors (4096K)
 Metaspace       used 20114K, capacity 20609K, committed 20736K, reserved 1069056K
  class space    used 1838K, capacity 2030K, committed 2048K, reserved 1048576K
}
Event: 602.752 GC heap after
{Heap after GC invocations=844 (full 0):
 garbage-first heap   total 598016K, used 143963K [0x0000000701800000, 0x0000000800000000)
  region size 1024K, 3 young (3072K), 3 survivors (3072K)
 Metaspace       used 20114K, capacity 20609K, committed 20736K, reserved 1069056K
  class space    used 1838K, capacity 2030K, committed 2048K, reserved 1048576K
}
Event: 602.818 GC heap before
{Heap before GC invocations=844 (full 0):
 garbage-first heap   total 598016K, used 498267K [0x0000000701800000, 0x0000000800000000)
  region size 1024K, 350 young (358400K), 3 survivors (3072K)
 Metaspace       used 20114K, capacity 20609K, committed 20736K, reserved 1069056K
  class space    used 1838K, capacity 2030K, committed 2048K, reserved 1048576K
}
Event: 602.820 GC heap after
{Heap after GC invocations=845 (full 0):
 garbage-first heap   total 598016K, used 144214K [0x0000000701800000, 0x0000000800000000)
  region size 1024K, 3 young (3072K), 3 survivors (3072K)
 Metaspace       used 20114K, capacity 20609K, committed 20736K, reserved 1069056K
  class space    used 1838K, capacity 2030K, committed 2048K, reserved 1048576K
}
Event: 602.898 GC heap before
{Heap before GC invocations=845 (full 0):
 garbage-first heap   total 598016K, used 330582K [0x0000000701800000, 0x0000000800000000)
  region size 1024K, 62 young (63488K), 3 survivors (3072K)
 Metaspace       used 20114K, capacity 20609K, committed 20736K, reserved 1069056K
  class space    used 1838K, capacity 2030K, committed 2048K, reserved 1048576K
}
Event: 602.910 GC heap after
{Heap after GC invocations=846 (full 0):
 garbage-first heap   total 598016K, used 272152K [0x0000000701800000, 0x0000000800000000)
  region size 1024K, 3 young (3072K), 3 survivors (3072K)
 Metaspace       used 20114K, capacity 20609K, committed 20736K, reserved 1069056K
  class space    used 1838K, capacity 2030K, committed 2048K, reserved 1048576K
}
Event: 603.175 GC heap before
{Heap before GC invocations=846 (full 0):
 garbage-first heap   total 601088K, used 598808K [0x0000000701800000, 0x0000000800000000)
  region size 1024K, 83 young (84992K), 3 survivors (3072K)
 Metaspace       used 20114K, capacity 20609K, committed 20736K, reserved 1069056K
  class space    used 1838K, capacity 2030K, committed 2048K, reserved 1048576K
}
Event: 603.217 GC heap after
{Heap after GC invocations=847 (full 0):
 garbage-first heap   total 604160K, used 518095K [0x0000000701800000, 0x0000000800000000)
  region size 1024K, 3 young (3072K), 3 survivors (3072K)
 Metaspace       used 20114K, capacity 20609K, committed 20736K, reserved 1069056K
  class space    used 1838K, capacity 2030K, committed 2048K, reserved 1048576K
}
Event: 603.250 GC heap before
{Heap before GC invocations=847 (full 0):
 garbage-first heap   total 604160K, used 494543K [0x0000000701800000, 0x0000000800000000)
  region size 1024K, 29 young (29696K), 3 survivors (3072K)
 Metaspace       used 20114K, capacity 20609K, committed 20736K, reserved 1069056K
  class space    used 1838K, capacity 2030K, committed 2048K, reserved 1048576K
}
Event: 603.310 GC heap after
{Heap after GC invocations=848 (full 0):
 garbage-first heap   total 604160K, used 469019K [0x0000000701800000, 0x0000000800000000)
  region size 1024K, 3 young (3072K), 3 survivors (3072K)
 Metaspace       used 20114K, capacity 20609K, committed 20736K, reserved 1069056K
  class space    used 1838K, capacity 2030K, committed 2048K, reserved 1048576K
}
Event: 603.338 GC heap before
{Heap before GC invocations=848 (full 0):
 garbage-first heap   total 604160K, used 573467K [0x0000000701800000, 0x0000000800000000)
  region size 1024K, 29 young (29696K), 3 survivors (3072K)
 Metaspace       used 20114K, capacity 20609K, committed 20736K, reserved 1069056K
  class space    used 1838K, capacity 2030K, committed 2048K, reserved 1048576K
}
Event: 603.380 GC heap after
{Heap after GC invocations=849 (full 0):
 garbage-first heap   total 604160K, used 547800K [0x0000000701800000, 0x0000000800000000)
  region size 1024K, 2 young (2048K), 2 survivors (2048K)
 Metaspace       used 20114K, capacity 20609K, committed 20736K, reserved 1069056K
  class space    used 1838K, capacity 2030K, committed 2048K, reserved 1048576K
}
Event: 603.397 GC heap before
{Heap before GC invocations=849 (full 0):
 garbage-first heap   total 604160K, used 603096K [0x0000000701800000, 0x0000000800000000)
  region size 1024K, 16 young (16384K), 2 survivors (2048K)
 Metaspace       used 20114K, capacity 20609K, committed 20736K, reserved 1069056K
  class space    used 1838K, capacity 2030K, committed 2048K, reserved 1048576K
}

